<?xml version="1.0" encoding="UTF-8" ?>
<testsuite errors="1" failures="0" hostname="lukespc" name="u2a9.MatrixTest" tests="1" time="0.04" timestamp="2010-06-22T16:31:09">
  <properties>
[...]
</properties>
  <testcase classname="u2a9.MatrixTest" name="initializationError" time="0.0030">
    <error message="No runnable methods" type="java.lang.Exception">java.lang.Exception: No runnable methods
	at java.lang.reflect.Constructor.newInstance(Constructor.java:513)
</error>
  </testcase>
  <system-out><![CDATA[]]></system-out>
  <system-err><![CDATA[]]></system-err>
</testsuite>
